# JRE version: OpenJDK Runtime Environment (17.0.6) (build 17.0.6+0-b2043.56-10027231)
# Java VM: OpenJDK 64-Bit Server VM (17.0.6+0-b2043.56-10027231, mixed mode, tiered, compressed oops, compressed class ptrs, g1 gc, windows-amd64)
GC Precious Log:
 CPUs: 4 total, 4 available
 Memory: 3976M
 Large Page Support: Disabled
 NUMA Support: Disabled
 Compressed Oops: Enabled (32-bit)
 Heap Region Size: 1M
 Heap Min Capacity: 8M
 Heap Initial Capacity: 64M
 Heap Max Capacity: 996M
 Pre-touch: Disabled
 Parallel Workers: 4
 Concurrent Workers: 1
 Concurrent Refinement Workers: 4
 Periodic GC: Disabled
Heap:
 garbage-first heap   total 82944K, used 42146K [0x00000000c1c00000, 0x0000000100000000)
  region size 1024K, 20 young (20480K), 5 survivors (5120K)
 Metaspace       used 44915K, committed 45184K, reserved 1089536K
  class space    used 5369K, committed 5504K, reserved 1048576K
GC Heap History (20 events):
Event: 10.182 GC heap before
{Heap before GC invocations=4 (full 0):
 garbage-first heap   total 37888K, used 29805K [0x00000000c1c00000, 0x0000000100000000)
  region size 1024K, 25 young (25600K), 5 survivors (5120K)
 Metaspace       used 27976K, committed 28160K, reserved 1081344K
  class space    used 3309K, committed 3392K, reserved 1048576K
}
Event: 10.204 GC heap after
{Heap after GC invocations=5 (full 0):
 garbage-first heap   total 37888K, used 11500K [0x00000000c1c00000, 0x0000000100000000)
  region size 1024K, 4 young (4096K), 4 survivors (4096K)
 Metaspace       used 27976K, committed 28160K, reserved 1081344K
  class space    used 3309K, committed 3392K, reserved 1048576K
}
Event: 12.813 GC heap before
{Heap before GC invocations=5 (full 0):
 garbage-first heap   total 37888K, used 27884K [0x00000000c1c00000, 0x0000000100000000)
  region size 1024K, 20 young (20480K), 4 survivors (4096K)
 Metaspace       used 29559K, committed 29760K, reserved 1081344K
  class space    used 3591K, committed 3648K, reserved 1048576K
}
Event: 12.843 GC heap after
{Heap after GC invocations=6 (full 0):
 garbage-first heap   total 37888K, used 17096K [0x00000000c1c00000, 0x0000000100000000)
  region size 1024K, 3 young (3072K), 3 survivors (3072K)
 Metaspace       used 29559K, committed 29760K, reserved 1081344K
  class space    used 3591K, committed 3648K, reserved 1048576K
}
Event: 15.853 GC heap before
{Heap before GC invocations=6 (full 0):
 garbage-first heap   total 37888K, used 26312K [0x00000000c1c00000, 0x0000000100000000)
  region size 1024K, 13 young (13312K), 3 survivors (3072K)
 Metaspace       used 30216K, committed 30464K, reserved 1081344K
  class space    used 3657K, committed 3776K, reserved 1048576K
}
Event: 15.942 GC heap after
{Heap after GC invocations=7 (full 0):
 garbage-first heap   total 37888K, used 20099K [0x00000000c1c00000, 0x0000000100000000)
  region size 1024K, 2 young (2048K), 2 survivors (2048K)
 Metaspace       used 30216K, committed 30464K, reserved 1081344K
  class space    used 3657K, committed 3776K, reserved 1048576K
}
Event: 17.417 GC heap before
{Heap before GC invocations=7 (full 0):
 garbage-first heap   total 37888K, used 27267K [0x00000000c1c00000, 0x0000000100000000)
  region size 1024K, 10 young (10240K), 2 survivors (2048K)
 Metaspace       used 32971K, committed 33216K, reserved 1081344K
  class space    used 4177K, committed 4288K, reserved 1048576K
}
Event: 17.429 GC heap after
{Heap after GC invocations=8 (full 0):
 garbage-first heap   total 37888K, used 21100K [0x00000000c1c00000, 0x0000000100000000)
  region size 1024K, 1 young (1024K), 1 survivors (1024K)
 Metaspace       used 32971K, committed 33216K, reserved 1081344K
  class space    used 4177K, committed 4288K, reserved 1048576K
}
Event: 18.570 GC heap before
{Heap before GC invocations=9 (full 0):
 garbage-first heap   total 37888K, used 28268K [0x00000000c1c00000, 0x0000000100000000)
  region size 1024K, 9 young (9216K), 1 survivors (1024K)
 Metaspace       used 34583K, committed 34816K, reserved 1081344K
  class space    used 4362K, committed 4480K, reserved 1048576K
}
Event: 18.577 GC heap after
{Heap after GC invocations=10 (full 0):
 garbage-first heap   total 37888K, used 20085K [0x00000000c1c00000, 0x0000000100000000)
  region size 1024K, 2 young (2048K), 2 survivors (2048K)
 Metaspace       used 34583K, committed 34816K, reserved 1081344K
  class space    used 4362K, committed 4480K, reserved 1048576K
}
Event: 18.691 GC heap before
{Heap before GC invocations=10 (full 0):
 garbage-first heap   total 37888K, used 21109K [0x00000000c1c00000, 0x0000000100000000)
  region size 1024K, 3 young (3072K), 2 survivors (2048K)
 Metaspace       used 34673K, committed 34880K, reserved 1081344K
  class space    used 4370K, committed 4480K, reserved 1048576K
}
Event: 18.836 GC heap after
{Heap after GC invocations=11 (full 0):
 garbage-first heap   total 37888K, used 19767K [0x00000000c1c00000, 0x0000000100000000)
  region size 1024K, 1 young (1024K), 1 survivors (1024K)
 Metaspace       used 34673K, committed 34880K, reserved 1081344K
  class space    used 4370K, committed 4480K, reserved 1048576K
}
Event: 19.750 GC heap before
{Heap before GC invocations=11 (full 0):
 garbage-first heap   total 37888K, used 26935K [0x00000000c1c00000, 0x0000000100000000)
  region size 1024K, 9 young (9216K), 1 survivors (1024K)
 Metaspace       used 36298K, committed 36544K, reserved 1081344K
  class space    used 4559K, committed 4672K, reserved 1048576K
}
Event: 19.757 GC heap after
{Heap after GC invocations=12 (full 0):
 garbage-first heap   total 37888K, used 20672K [0x00000000c1c00000, 0x0000000100000000)
  region size 1024K, 2 young (2048K), 2 survivors (2048K)
 Metaspace       used 36298K, committed 36544K, reserved 1081344K
  class space    used 4559K, committed 4672K, reserved 1048576K
}
Event: 20.165 GC heap before
{Heap before GC invocations=13 (full 0):
 garbage-first heap   total 37888K, used 28864K [0x00000000c1c00000, 0x0000000100000000)
  region size 1024K, 10 young (10240K), 2 survivors (2048K)
 Metaspace       used 37936K, committed 38144K, reserved 1089536K
  class space    used 4721K, committed 4800K, reserved 1048576K
}
Event: 20.169 GC heap after
{Heap after GC invocations=14 (full 0):
 garbage-first heap   total 37888K, used 21673K [0x00000000c1c00000, 0x0000000100000000)
  region size 1024K, 2 young (2048K), 2 survivors (2048K)
 Metaspace       used 37936K, committed 38144K, reserved 1089536K
  class space    used 4721K, committed 4800K, reserved 1048576K
}
Event: 20.192 GC heap before
{Heap before GC invocations=14 (full 0):
 garbage-first heap   total 37888K, used 22697K [0x00000000c1c00000, 0x0000000100000000)
  region size 1024K, 3 young (3072K), 2 survivors (2048K)
 Metaspace       used 38178K, committed 38400K, reserved 1089536K
  class space    used 4744K, committed 4864K, reserved 1048576K
}
Event: 20.199 GC heap after
{Heap after GC invocations=15 (full 0):
 garbage-first heap   total 82944K, used 21075K [0x00000000c1c00000, 0x0000000100000000)
  region size 1024K, 1 young (1024K), 1 survivors (1024K)
 Metaspace       used 38178K, committed 38400K, reserved 1089536K
  class space    used 4744K, committed 4864K, reserved 1048576K
}
Event: 22.889 GC heap before
{Heap before GC invocations=15 (full 0):
 garbage-first heap   total 82944K, used 61011K [0x00000000c1c00000, 0x0000000100000000)
  region size 1024K, 40 young (40960K), 1 survivors (1024K)
 Metaspace       used 44768K, committed 45056K, reserved 1089536K
  class space    used 5359K, committed 5504K, reserved 1048576K
}
Event: 22.907 GC heap after
{Heap after GC invocations=16 (full 0):
 garbage-first heap   total 82944K, used 27810K [0x00000000c1c00000, 0x0000000100000000)
  region size 1024K, 5 young (5120K), 5 survivors (5120K)
 Metaspace       used 44768K, committed 45056K, reserved 1089536K
  class space    used 5359K, committed 5504K, reserved 1048576K
}

